c:\temp\pray\pray\debug\vc120.pdb
c:\temp\pray\pray\debug\vc120.idb
c:\temp\pray\pray\debug\system.obj
c:\temp\pray\pray\debug\window.obj
c:\temp\pray\pray\debug\timerqpc.obj
c:\temp\pray\pray\debug\application_rt.obj
c:\temp\pray\pray\debug\d3d11_driver.obj
c:\temp\pray\pray\debug\d3dbuffer.obj
c:\temp\pray\pray\debug\geometry.obj
c:\temp\pray\pray\debug\light.obj
c:\temp\pray\pray\debug\ray.obj
c:\temp\pray\pray\debug\renderer_rt.obj
c:\temp\pray\pray\debug\xmcamera.obj
c:\temp\pray\pray\debug\source.obj
c:\temp\pray\pray\debug\csprimaryrays.cso
c:\temp\pray\pray\debug\cscomputecolorrt.cso
c:\temp\pray\pray\debug\csintersections.cso
c:\temp\pray\pray\debug\pray.ilk
c:\temp\pray\pray\debug\pray.exe
c:\temp\pray\pray\debug\pray.pdb
c:\temp\pray\pray\debug\pray.tlog\cl.command.1.tlog
c:\temp\pray\pray\debug\pray.tlog\cl.read.1.tlog
c:\temp\pray\pray\debug\pray.tlog\cl.write.1.tlog
c:\temp\pray\pray\debug\pray.tlog\fxc.command.1.tlog
c:\temp\pray\pray\debug\pray.tlog\fxc.read.1.tlog
c:\temp\pray\pray\debug\pray.tlog\fxc.write.1.tlog
c:\temp\pray\pray\debug\pray.tlog\link.command.1.tlog
c:\temp\pray\pray\debug\pray.tlog\link.read.1.tlog
c:\temp\pray\pray\debug\pray.tlog\link.write.1.tlog
c:\temp\pray\pray\debug\pray.tlog\pray.write.1u.tlog
