Build started 2014-11-27 16:10:37.
     1>Project "C:\temp\pRay\pRay\pRay.vcxproj" on node 2 (Build target(s)).
     1>ClCompile:
         C:\Program Files (x86)\Microsoft Visual Studio 12.0\VC\bin\CL.exe /c /IC:\temp\pRay\pRay\include /ZI /nologo /W3 /WX- /sdl /Od /Oy- /D _MBCS /Gm /EHsc /RTC1 /MDd /GS /fp:precise /Zc:wchar_t /Zc:forScope /Fo"Debug\\" /Fd"Debug\vc120.pdb" /Gd /TP /analyze- /errorReport:prompt RayTracer\Application_RT.cpp RayTracer\D3DBuffer.cpp
         Application_RT.cpp
     1>c:\temp\pray\pray\raytracer\driverutility.h(105): warning C4101: 'fileName' : unreferenced local variable
         Generating Code...
         Compiling...
         D3DBuffer.cpp
     1>c:\temp\pray\pray\raytracer\driverutility.h(105): warning C4101: 'fileName' : unreferenced local variable
         Generating Code...
       Link:
         C:\Program Files (x86)\Microsoft Visual Studio 12.0\VC\bin\link.exe /ERRORREPORT:PROMPT /OUT:"C:\temp\pRay\pRay\Debug\pRay.exe" /INCREMENTAL /NOLOGO d3d11.lib d3dcompiler.lib dxguid.lib winmm.lib kernel32.lib user32.lib gdi32.lib winspool.lib comdlg32.lib advapi32.lib shell32.lib ole32.lib oleaut32.lib uuid.lib odbc32.lib odbccp32.lib /MANIFEST /MANIFESTUAC:"level='asInvoker' uiAccess='false'" /manifest:embed /DEBUG /PDB:"C:\temp\pRay\pRay\Debug\pRay.pdb" /TLBID:1 /DYNAMICBASE /NXCOMPAT /IMPLIB:"C:\temp\pRay\pRay\Debug\pRay.lib" /MACHINE:X86 Debug\System.obj
         Debug\Window.obj
         Debug\TimerQPC.obj
         Debug\Application_RT.obj
         Debug\D3D11_Driver.obj
         Debug\D3DBuffer.obj
         Debug\Geometry.obj
         Debug\Light.obj
         Debug\Ray.obj
         Debug\Renderer_RT.obj
         Debug\XMCamera.obj
         Debug\Source.obj
         pRay.vcxproj -> C:\temp\pRay\pRay\Debug\pRay.exe
     1>Done Building Project "C:\temp\pRay\pRay\pRay.vcxproj" (Build target(s)).

Build succeeded.

Time Elapsed 00:00:03.20
